# JRE version: OpenJDK Runtime Environment (17.0.11) (build 17.0.11+0--11852314)
# Java VM: OpenJDK 64-Bit Server VM (17.0.11+0--11852314, mixed mode, tiered, compressed oops, compressed class ptrs, g1 gc, windows-amd64)
GC Precious Log:
 CPUs: 12 total, 12 available
 Memory: 32605M
 Large Page Support: Disabled
 NUMA Support: Disabled
 Compressed Oops: Enabled (Zero based)
 Heap Region Size: 2M
 Heap Min Capacity: 8M
 Heap Initial Capacity: 510M
 Heap Max Capacity: 4G
 Pre-touch: Disabled
 Parallel Workers: 10
 Concurrent Workers: 3
 Concurrent Refinement Workers: 10
 Periodic GC: Disabled
Heap:
 garbage-first heap   total 755712K, used 397549K [0x0000000700000000, 0x0000000800000000)
  region size 2048K, 7 young (14336K), 7 survivors (14336K)
 Metaspace       used 264576K, committed 266688K, reserved 1310720K
  class space    used 34572K, committed 35584K, reserved 1048576K
GC Heap History (20 events):
Event: 265.612 GC heap after
{Heap after GC invocations=103 (full 0):
 garbage-first heap   total 987136K, used 418722K [0x0000000700000000, 0x0000000800000000)
  region size 2048K, 3 young (6144K), 3 survivors (6144K)
 Metaspace       used 258360K, committed 260096K, reserved 1310720K
  class space    used 33965K, committed 34752K, reserved 1048576K
}
Event: 265.805 GC heap before
{Heap before GC invocations=103 (full 0):
 garbage-first heap   total 987136K, used 459682K [0x0000000700000000, 0x0000000800000000)
  region size 2048K, 24 young (49152K), 3 survivors (6144K)
 Metaspace       used 258504K, committed 260224K, reserved 1310720K
  class space    used 33984K, committed 34752K, reserved 1048576K
}
Event: 265.816 GC heap after
{Heap after GC invocations=104 (full 0):
 garbage-first heap   total 1361920K, used 402067K [0x0000000700000000, 0x0000000800000000)
  region size 2048K, 3 young (6144K), 3 survivors (6144K)
 Metaspace       used 258504K, committed 260224K, reserved 1310720K
  class space    used 33984K, committed 34752K, reserved 1048576K
}
Event: 268.620 GC heap before
{Heap before GC invocations=104 (full 0):
 garbage-first heap   total 1361920K, used 459411K [0x0000000700000000, 0x0000000800000000)
  region size 2048K, 33 young (67584K), 3 survivors (6144K)
 Metaspace       used 258747K, committed 260544K, reserved 1310720K
  class space    used 34019K, committed 34816K, reserved 1048576K
}
Event: 268.624 GC heap after
{Heap after GC invocations=105 (full 0):
 garbage-first heap   total 1361920K, used 404438K [0x0000000700000000, 0x0000000800000000)
  region size 2048K, 4 young (8192K), 4 survivors (8192K)
 Metaspace       used 258747K, committed 260544K, reserved 1310720K
  class space    used 34019K, committed 34816K, reserved 1048576K
}
Event: 3868.781 GC heap before
{Heap before GC invocations=106 (full 0):
 garbage-first heap   total 1361920K, used 1006550K [0x0000000700000000, 0x0000000800000000)
  region size 2048K, 128 young (262144K), 4 survivors (8192K)
 Metaspace       used 262295K, committed 264064K, reserved 1310720K
  class space    used 34411K, committed 35200K, reserved 1048576K
}
Event: 3869.134 GC heap after
{Heap after GC invocations=107 (full 1):
 garbage-first heap   total 724992K, used 204073K [0x0000000700000000, 0x0000000800000000)
  region size 2048K, 0 young (0K), 0 survivors (0K)
 Metaspace       used 262295K, committed 264064K, reserved 1310720K
  class space    used 34411K, committed 35200K, reserved 1048576K
}
Event: 3972.718 GC heap before
{Heap before GC invocations=107 (full 1):
 garbage-first heap   total 724992K, used 595241K [0x0000000700000000, 0x0000000800000000)
  region size 2048K, 192 young (393216K), 0 survivors (0K)
 Metaspace       used 263866K, committed 265984K, reserved 1310720K
  class space    used 34624K, committed 35584K, reserved 1048576K
}
Event: 3972.727 GC heap after
{Heap after GC invocations=108 (full 1):
 garbage-first heap   total 724992K, used 217238K [0x0000000700000000, 0x0000000800000000)
  region size 2048K, 7 young (14336K), 7 survivors (14336K)
 Metaspace       used 263866K, committed 265984K, reserved 1310720K
  class space    used 34624K, committed 35584K, reserved 1048576K
}
Event: 3999.193 GC heap before
{Heap before GC invocations=109 (full 1):
 garbage-first heap   total 724992K, used 686230K [0x0000000700000000, 0x0000000800000000)
  region size 2048K, 172 young (352256K), 7 survivors (14336K)
 Metaspace       used 264074K, committed 266176K, reserved 1310720K
  class space    used 34580K, committed 35584K, reserved 1048576K
}
Event: 3999.211 GC heap after
{Heap after GC invocations=110 (full 1):
 garbage-first heap   total 755712K, used 255660K [0x0000000700000000, 0x0000000800000000)
  region size 2048K, 24 young (49152K), 24 survivors (49152K)
 Metaspace       used 264074K, committed 266176K, reserved 1310720K
  class space    used 34580K, committed 35584K, reserved 1048576K
}
Event: 3999.215 GC heap before
{Heap before GC invocations=110 (full 1):
 garbage-first heap   total 755712K, used 255660K [0x0000000700000000, 0x0000000800000000)
  region size 2048K, 25 young (51200K), 24 survivors (49152K)
 Metaspace       used 264074K, committed 266176K, reserved 1310720K
  class space    used 34580K, committed 35584K, reserved 1048576K
}
Event: 3999.233 GC heap after
{Heap after GC invocations=111 (full 1):
 garbage-first heap   total 755712K, used 257956K [0x0000000700000000, 0x0000000800000000)
  region size 2048K, 2 young (4096K), 2 survivors (4096K)
 Metaspace       used 264074K, committed 266176K, reserved 1310720K
  class space    used 34580K, committed 35584K, reserved 1048576K
}
Event: 3999.553 GC heap before
{Heap before GC invocations=111 (full 1):
 garbage-first heap   total 755712K, used 602020K [0x0000000700000000, 0x0000000800000000)
  region size 2048K, 171 young (350208K), 2 survivors (4096K)
 Metaspace       used 264273K, committed 266432K, reserved 1310720K
  class space    used 34580K, committed 35584K, reserved 1048576K
}
Event: 3999.577 GC heap after
{Heap after GC invocations=112 (full 1):
 garbage-first heap   total 755712K, used 327983K [0x0000000700000000, 0x0000000800000000)
  region size 2048K, 22 young (45056K), 22 survivors (45056K)
 Metaspace       used 264273K, committed 266432K, reserved 1310720K
  class space    used 34580K, committed 35584K, reserved 1048576K
}
Event: 4000.101 GC heap before
{Heap before GC invocations=113 (full 1):
 garbage-first heap   total 755712K, used 590127K [0x0000000700000000, 0x0000000800000000)
  region size 2048K, 149 young (305152K), 22 survivors (45056K)
 Metaspace       used 264561K, committed 266688K, reserved 1310720K
  class space    used 34572K, committed 35584K, reserved 1048576K
}
Event: 4000.131 GC heap after
{Heap after GC invocations=114 (full 1):
 garbage-first heap   total 755712K, used 380094K [0x0000000700000000, 0x0000000800000000)
  region size 2048K, 19 young (38912K), 19 survivors (38912K)
 Metaspace       used 264561K, committed 266688K, reserved 1310720K
  class space    used 34572K, committed 35584K, reserved 1048576K
}
Event: 4000.133 GC heap before
{Heap before GC invocations=114 (full 1):
 garbage-first heap   total 755712K, used 382142K [0x0000000700000000, 0x0000000800000000)
  region size 2048K, 20 young (40960K), 19 survivors (38912K)
 Metaspace       used 264561K, committed 266688K, reserved 1310720K
  class space    used 34572K, committed 35584K, reserved 1048576K
}
Event: 4000.151 GC heap after
{Heap after GC invocations=115 (full 1):
 garbage-first heap   total 755712K, used 390657K [0x0000000700000000, 0x0000000800000000)
  region size 2048K, 3 young (6144K), 3 survivors (6144K)
 Metaspace       used 264561K, committed 266688K, reserved 1310720K
  class space    used 34572K, committed 35584K, reserved 1048576K
}
Event: 4000.496 GC heap before
{Heap before GC invocations=115 (full 1):
 garbage-first heap   total 755712K, used 597505K [0x0000000700000000, 0x0000000800000000)
  region size 2048K, 104 young (212992K), 3 survivors (6144K)
 Metaspace       used 264576K, committed 266688K, reserved 1310720K
  class space    used 34572K, committed 35584K, reserved 1048576K
}

